# JRE version: OpenJDK Runtime Environment (11.0.10) (build 11.0.10+0-b96-7249189)
# Java VM: OpenJDK 64-Bit Server VM (11.0.10+0-b96-7249189, mixed mode, tiered, compressed oops, g1 gc, windows-amd64)
Heap:
 garbage-first heap   total 777216K, used 324096K [0x00000000a0000000, 0x0000000100000000)
  region size 1024K, 11 young (11264K), 11 survivors (11264K)
 Metaspace       used 120645K, capacity 123886K, committed 124752K, reserved 1159168K
  class space    used 14423K, capacity 15539K, committed 15872K, reserved 1048576K
GC Heap History (20 events):
Event: 5665.586 GC heap after
{Heap after GC invocations=295 (full 0):
 garbage-first heap   total 528384K, used 157548K [0x00000000a0000000, 0x0000000100000000)
  region size 1024K, 1 young (1024K), 1 survivors (1024K)
 Metaspace       used 120395K, capacity 123623K, committed 124752K, reserved 1159168K
  class space    used 14400K, capacity 15505K, committed 15872K, reserved 1048576K
}
Event: 5665.654 GC heap before
{Heap before GC invocations=295 (full 0):
 garbage-first heap   total 528384K, used 181100K [0x00000000a0000000, 0x0000000100000000)
  region size 1024K, 25 young (25600K), 1 survivors (1024K)
 Metaspace       used 120395K, capacity 123623K, committed 124752K, reserved 1159168K
  class space    used 14400K, capacity 15505K, committed 15872K, reserved 1048576K
}
Event: 5665.658 GC heap after
{Heap after GC invocations=296 (full 0):
 garbage-first heap   total 528384K, used 157493K [0x00000000a0000000, 0x0000000100000000)
  region size 1024K, 1 young (1024K), 1 survivors (1024K)
 Metaspace       used 120395K, capacity 123623K, committed 124752K, reserved 1159168K
  class space    used 14400K, capacity 15505K, committed 15872K, reserved 1048576K
}
Event: 5665.979 GC heap before
{Heap before GC invocations=297 (full 0):
 garbage-first heap   total 528384K, used 185141K [0x00000000a0000000, 0x0000000100000000)
  region size 1024K, 37 young (37888K), 1 survivors (1024K)
 Metaspace       used 120433K, capacity 123683K, committed 124752K, reserved 1159168K
  class space    used 14406K, capacity 15515K, committed 15872K, reserved 1048576K
}
Event: 5665.985 GC heap after
{Heap after GC invocations=298 (full 0):
 garbage-first heap   total 528384K, used 150434K [0x00000000a0000000, 0x0000000100000000)
  region size 1024K, 2 young (2048K), 2 survivors (2048K)
 Metaspace       used 120433K, capacity 123683K, committed 124752K, reserved 1159168K
  class space    used 14406K, capacity 15515K, committed 15872K, reserved 1048576K
}
Event: 5674.722 GC heap before
{Heap before GC invocations=298 (full 0):
 garbage-first heap   total 528384K, used 173986K [0x00000000a0000000, 0x0000000100000000)
  region size 1024K, 25 young (25600K), 2 survivors (2048K)
 Metaspace       used 120559K, capacity 123822K, committed 124752K, reserved 1159168K
  class space    used 14423K, capacity 15539K, committed 15872K, reserved 1048576K
}
Event: 5674.728 GC heap after
{Heap after GC invocations=299 (full 0):
 garbage-first heap   total 528384K, used 135996K [0x00000000a0000000, 0x0000000100000000)
  region size 1024K, 3 young (3072K), 3 survivors (3072K)
 Metaspace       used 120559K, capacity 123822K, committed 124752K, reserved 1159168K
  class space    used 14423K, capacity 15539K, committed 15872K, reserved 1048576K
}
Event: 5674.777 GC heap before
{Heap before GC invocations=299 (full 0):
 garbage-first heap   total 528384K, used 144188K [0x00000000a0000000, 0x0000000100000000)
  region size 1024K, 12 young (12288K), 3 survivors (3072K)
 Metaspace       used 120563K, capacity 123822K, committed 124752K, reserved 1159168K
  class space    used 14423K, capacity 15539K, committed 15872K, reserved 1048576K
}
Event: 5674.781 GC heap after
{Heap after GC invocations=300 (full 0):
 garbage-first heap   total 528384K, used 136361K [0x00000000a0000000, 0x0000000100000000)
  region size 1024K, 3 young (3072K), 3 survivors (3072K)
 Metaspace       used 120563K, capacity 123822K, committed 124752K, reserved 1159168K
  class space    used 14423K, capacity 15539K, committed 15872K, reserved 1048576K
}
Event: 5674.942 GC heap before
{Heap before GC invocations=301 (full 0):
 garbage-first heap   total 528384K, used 188585K [0x00000000a0000000, 0x0000000100000000)
  region size 1024K, 16 young (16384K), 3 survivors (3072K)
 Metaspace       used 120568K, capacity 123822K, committed 124752K, reserved 1159168K
  class space    used 14423K, capacity 15539K, committed 15872K, reserved 1048576K
}
Event: 5674.949 GC heap after
{Heap after GC invocations=302 (full 0):
 garbage-first heap   total 528384K, used 177365K [0x00000000a0000000, 0x0000000100000000)
  region size 1024K, 12 young (12288K), 12 survivors (12288K)
 Metaspace       used 120568K, capacity 123822K, committed 124752K, reserved 1159168K
  class space    used 14423K, capacity 15539K, committed 15872K, reserved 1048576K
}
Event: 5675.155 GC heap before
{Heap before GC invocations=303 (full 0):
 garbage-first heap   total 528384K, used 251093K [0x00000000a0000000, 0x0000000100000000)
  region size 1024K, 60 young (61440K), 12 survivors (12288K)
 Metaspace       used 120568K, capacity 123822K, committed 124752K, reserved 1159168K
  class space    used 14423K, capacity 15539K, committed 15872K, reserved 1048576K
}
Event: 5675.339 GC heap after
{Heap after GC invocations=304 (full 0):
 garbage-first heap   total 528384K, used 213723K [0x00000000a0000000, 0x0000000100000000)
  region size 1024K, 16 young (16384K), 16 survivors (16384K)
 Metaspace       used 120568K, capacity 123822K, committed 124752K, reserved 1159168K
  class space    used 14423K, capacity 15539K, committed 15872K, reserved 1048576K
}
Event: 5675.654 GC heap before
{Heap before GC invocations=305 (full 0):
 garbage-first heap   total 528384K, used 279259K [0x00000000a0000000, 0x0000000100000000)
  region size 1024K, 75 young (76800K), 16 survivors (16384K)
 Metaspace       used 120568K, capacity 123822K, committed 124752K, reserved 1159168K
  class space    used 14423K, capacity 15539K, committed 15872K, reserved 1048576K
}
Event: 5675.754 GC heap after
{Heap after GC invocations=306 (full 0):
 garbage-first heap   total 528384K, used 241218K [0x00000000a0000000, 0x0000000100000000)
  region size 1024K, 10 young (10240K), 10 survivors (10240K)
 Metaspace       used 120568K, capacity 123822K, committed 124752K, reserved 1159168K
  class space    used 14423K, capacity 15539K, committed 15872K, reserved 1048576K
}
Event: 5675.815 GC heap before
{Heap before GC invocations=306 (full 0):
 garbage-first heap   total 528384K, used 256578K [0x00000000a0000000, 0x0000000100000000)
  region size 1024K, 25 young (25600K), 10 survivors (10240K)
 Metaspace       used 120614K, capacity 123886K, committed 124752K, reserved 1159168K
  class space    used 14423K, capacity 15539K, committed 15872K, reserved 1048576K
}
Event: 5675.873 GC heap after
{Heap after GC invocations=307 (full 0):
 garbage-first heap   total 528384K, used 249688K [0x00000000a0000000, 0x0000000100000000)
  region size 1024K, 4 young (4096K), 4 survivors (4096K)
 Metaspace       used 120614K, capacity 123886K, committed 124752K, reserved 1159168K
  class space    used 14423K, capacity 15539K, committed 15872K, reserved 1048576K
}
Event: 5675.974 GC heap before
{Heap before GC invocations=307 (full 0):
 garbage-first heap   total 528384K, used 297816K [0x00000000a0000000, 0x0000000100000000)
  region size 1024K, 51 young (52224K), 4 survivors (4096K)
 Metaspace       used 120641K, capacity 123886K, committed 124752K, reserved 1159168K
  class space    used 14423K, capacity 15539K, committed 15872K, reserved 1048576K
}
Event: 5676.497 GC heap after
{Heap after GC invocations=308 (full 0):
 garbage-first heap   total 528384K, used 278528K [0x00000000a0000000, 0x0000000100000000)
  region size 1024K, 7 young (7168K), 7 survivors (7168K)
 Metaspace       used 120641K, capacity 123886K, committed 124752K, reserved 1159168K
  class space    used 14423K, capacity 15539K, committed 15872K, reserved 1048576K
}
Event: 5676.654 GC heap before
{Heap before GC invocations=308 (full 0):
 garbage-first heap   total 528384K, used 354304K [0x00000000a0000000, 0x0000000100000000)
  region size 1024K, 82 young (83968K), 7 survivors (7168K)
 Metaspace       used 120645K, capacity 123886K, committed 124752K, reserved 1159168K
  class space    used 14423K, capacity 15539K, committed 15872K, reserved 1048576K
}

